20180312, 162101 , 0.000000, 4, Pass,
20180312, 162646 , 1.000000, 4, Pass,
20180312, 163244 , 1.000000, 4, Pass,
20180314, 090916 , 1.000000, 3, Pass,
20180314, 091717 , 1.000000, 2, Pass,
20180314, 092436 , 1.000000, 5, Pass,
20180314, 093549 , 0.000000, 3, Pass,
20180314, 094625 , 1.000000, 3, Pass,
20180314, 095505 , 1.000000, 5, Pass,
20180314, 152020 , 1.000000, 5, Pass,
20180314, 152605 , 0.000000, 3, Pass,
20180314, 153954 , 0.000000, 3, Pass,
20180314, 154457 , 0.000000, 3, Pass,
20180314, 155445 , 0.000000, 2, Pass,
20180314, 155943 , 1.000000, 2, Pass,
20180314, 160441 , 0.000000, 2, Pass,
20180314, 160915 , 0.000000, 4, Pass,
20180314, 161358 , 1.000000, 2, Pass,
20180314, 162227 , 0.000000, 3, Pass,
20180314, 194331 , 2.000000, 5, Pass,
20180314, 194813 , 1.000000, 4, Pass,
20180315, 101852 , 2.000000, 3, Pass,
20180315, 134454 , 0.000000, 3, Pass,
20180315, 135027 , 1.000000, 4, Pass,
20180315, 135557 , 1.000000, 2, Pass,
20180315, 140110 , 2.000000, 3, Pass,
20180315, 140556 , 1.000000, 2, Pass,
20180315, 141049 , 2.000000, 3, Pass,
20180315, 141646 , 3.000000, 7, Pass,
20180315, 145324 , 4.000000, 5, Pass,
20180315, 145812 , 3.000000, 7, Pass,
20180315, 150953 , 4.000000, 8, Pass,
20180315, 151457 , 4.000000, 8, Pass,
20180315, 151932 , 3.000000, 4, Pass,
20180315, 152355 , 3.000000, 4, Pass,
20180315, 152832 , 1.000000, 2, Pass,
20180315, 153327 , 1.000000, 2, Pass,
20180315, 153821 , 1.000000, 2, Pass,
20180315, 154244 , 10.000000, 3, Fail,
20180315, 154712 , 1.000000, 3, Pass,
20180315, 155153 , 2.000000, 3, Pass,
20180315, 155626 , 2.000000, 3, Pass,
20180315, 160112 , 1.000000, 4, Pass,
20180315, 160540 , 1.000000, 4, Pass,
20180315, 161101 , 0.000000, 3, Pass,
20180315, 161604 , 0.000000, 3, Pass,
20180315, 162037 , 1.000000, 1, Pass,
20180315, 162501 , 0.000000, 2, Pass,
20180315, 162947 , 3.000000, 3, Pass,
20180315, 182013 , 4.000000, 4, Pass,
20180315, 184001 , 3.000000, 3, Pass,
20180315, 184419 , 3.000000, 3, Pass,
20180315, 185026 , 6.000000, 1, Fail,
20180315, 190200 , 2.000000, 2, Pass,
20180315, 190629 , 2.000000, 2, Pass,
20180315, 191056 , 1.000000, 3, Pass,
20180315, 191515 , 1.000000, 3, Pass,
20180315, 192051 , 1.000000, 3, Pass,
20180315, 192521 , 1.000000, 3, Pass,
20180315, 193549 , 0.000000, 1, Pass,
20180316, 081336 , 0.000000, 2, Pass,
20180316, 081753 , 0.000000, 2, Pass,
20180316, 082242 , 2.000000, 4, Pass,
20180316, 082823 , 1.000000, 2, Pass,
20180316, 083255 , 1.000000, 2, Pass,
20180316, 083723 , 2.000000, 5, Pass,
20180316, 084147 , 0.000000, 2, Pass,
20180316, 084748 , 1.000000, 2, Pass,
20180316, 085217 , 2.000000, 5, Pass,
20180316, 085634 , 1.000000, 2, Pass,
20180316, 090104 , 1.000000, 2, Pass,
20180316, 090542 , 2.000000, 5, Pass,
20180316, 092446 , 2.000000, 2, Pass,
20180316, 092902 , 1.000000, 2, Pass,
20180316, 093341 , 2.000000, 5, Pass,
20180316, 093815 , 2.000000, 2, Pass,
20180316, 094309 , 1.000000, 2, Pass,
20180316, 094743 , 2.000000, 5, Pass,
20180316, 095158 , 1.000000, 2, Pass,
20180316, 095613 , 1.000000, 2, Pass,
20180316, 100048 , 2.000000, 4, Pass,
20180316, 100718 , 2.000000, 2, Pass,
20180316, 101241 , 1.000000, 2, Pass,
20180316, 101809 , 2.000000, 3, Pass,
20180316, 102221 , 1.000000, 2, Pass,
20180316, 102728 , 1.000000, 3, Pass,
20180316, 103152 , 1.000000, 3, Pass,
20180316, 103630 , 1.000000, 2, Pass,
20180316, 131134 , 3.000000, 4, Pass,
20180316, 131555 , 1.000000, 3, Pass,
20180316, 185927 , 3.000000, 4, Pass,
20180316, 191011 , 3.000000, 4, Pass,
20180317, 080547 , 3.000000, 4, Pass,
20180317, 081212 , 1.000000, 2, Pass,
20180317, 081931 , 2.000000, 4, Pass,
20180317, 082448 , 1.000000, 3, Pass,
20180317, 083100 , 1.000000, 2, Pass,
20180317, 083640 , 2.000000, 4, Pass,
20180317, 084151 , 3.000000, 5, Pass,
20180317, 084832 , 1.000000, 3, Pass,
20180317, 085510 , 1.000000, 3, Pass,
20180317, 090951 , 2.000000, 4, Pass,
20180317, 091424 , 1.000000, 3, Pass,
20180317, 091913 , 1.000000, 3, Pass,
20180317, 092727 , 2.000000, 5, Pass,
20180317, 093322 , 2.000000, 2, Pass,
20180317, 093919 , 2.000000, 3, Pass,
20180317, 094438 , 3.000000, 5, Pass,
20180317, 094909 , 1.000000, 3, Pass,
20180317, 095344 , 0.000000, 3, Pass,
20180317, 095852 , 3.000000, 5, Pass,
20180317, 100432 , 1.000000, 2, Pass,
20180317, 100945 , 1.000000, 3, Pass,
20180317, 102851 , 1.000000, 3, Pass,
20180317, 103453 , 3.000000, 5, Pass,
20180317, 104047 , 3.000000, 5, Pass,
20180317, 104524 , 1.000000, 3, Pass,
20180317, 105004 , 3.000000, 5, Pass,
20180317, 105439 , 3.000000, 5, Pass,
20180317, 105926 , 0.000000, 3, Pass,
20180317, 110439 , 3.000000, 5, Pass,
20180317, 145928 , 1.000000, 1, Pass,
20180317, 150900 , 0.000000, 1, Pass,
20180319, 085535 , 0.000000, 4, Pass,
20180319, 090051 , 0.000000, 3, Pass,
20180319, 091227 , 0.000000, 3, Pass,
20180319, 091840 , 2.000000, 6, Pass,
20180319, 092526 , 0.000000, 2, Pass,
20180319, 093125 , 2.000000, 5, Pass,
20180319, 093637 , 1.000000, 2, Pass,
20180319, 094151 , 0.000000, 2, Pass,
20180319, 101446 , 0.000000, 3, Pass,
20180319, 103540 , 1.000000, 5, Pass,
20180319, 105001 , 0.000000, 3, Pass,
20180319, 113532 , 1.000000, 4, Pass,
20180319, 114555 , 1.000000, 3, Pass,
20180319, 115115 , 1.000000, 3, Pass,
20180319, 123714 , 1.000000, 4, Pass,
20180319, 124152 , 1.000000, 4, Pass,
20180319, 124631 , 0.000000, 3, Pass,
20180319, 125104 , 1.000000, 5, Pass,
20180319, 125532 , 0.000000, 3, Pass,
20180319, 130253 , 0.000000, 4, Pass,
20180319, 130757 , 1.000000, 4, Pass,
20180319, 131620 , 0.000000, 3, Pass,
20180319, 132945 , 1.000000, 3, Pass,
20180319, 133427 , 1.000000, 4, Pass,
20180319, 133905 , 0.000000, 5, Pass,
20180319, 135214 , 0.000000, 5, Pass,
20180319, 135816 , 1.000000, 4, Pass,
20180319, 141019 , 1.000000, 4, Pass,
20180319, 141826 , 1.000000, 3, Pass,
20180319, 142329 , 4.000000, 7, Pass,
20180319, 142827 , 0.000000, 4, Pass,
20180319, 143324 , 1.000000, 3, Pass,
20180319, 143817 , 3.000000, 3, Pass,
20180319, 144309 , 4.000000, 3, Pass,
20180319, 145014 , 0.000000, 4, Pass,
20180319, 145538 , 0.000000, 8, Pass,
20180319, 150032 , 2.000000, 2, Pass,
20180319, 150527 , 0.000000, 4, Pass,
20180319, 151019 , 1.000000, 3, Pass,
20180319, 151507 , 0.000000, 3, Pass,
20180319, 152000 , 1.000000, 5, Pass,
20180319, 152457 , 2.000000, 7, Pass,
20180319, 162927 , 0.000000, 3, Pass,
20180319, 163501 , 0.000000, 4, Pass,
20180319, 164833 , 2.000000, 5, Pass,
20180319, 165410 , 2.000000, 4, Pass,
20180320, 094929 , 0.000000, 2, Pass,
20180320, 095359 , 1.000000, 3, Pass,
20180320, 095841 , 1.000000, 4, Pass,
20180320, 100517 , 0.000000, 3, Pass,
20180320, 100950 , 1.000000, 4, Pass,
20180320, 101529 , 1.000000, 3, Pass,
20180320, 102050 , 1.000000, 4, Pass,
20180320, 102900 , 0.000000, 4, Pass,
20180320, 103557 , 0.000000, 3, Pass,
20180320, 104046 , 0.000000, 4, Pass,
20180320, 104751 , 1.000000, 3, Pass,
20180320, 105333 , 2.000000, 1, Pass,
20180320, 110149 , 0.000000, 3, Pass,
20180320, 110628 , 1.000000, 1, Pass,
20180320, 111950 , 1.000000, 5, Pass,
20180320, 112423 , 0.000000, 1, Pass,
20180320, 112923 , 0.000000, 5, Pass,
20180320, 113404 , 1.000000, 4, Pass,
20180320, 113919 , 2.000000, 3, Pass,
20180320, 114714 , 1.000000, 4, Pass,
20180320, 115310 , 1.000000, 3, Pass,
20180320, 130001 , 0.000000, 4, Pass,
20180320, 131055 , 1.000000, 2, Pass,
20180320, 131617 , 1.000000, 3, Pass,
20180320, 133324 , 0.000000, 4, Pass,
20180320, 133757 , 1.000000, 3, Pass,
20180320, 134235 , 1.000000, 4, Pass,
20180320, 134711 , 0.000000, 4, Pass,
20180320, 135143 , 2.000000, 2, Pass,
20180320, 135657 , 1.000000, 1, Pass,
20180320, 140747 , 0.000000, 3, Pass,
20180320, 142136 , 0.000000, 2, Pass,
20180320, 142601 , 1.000000, 2, Pass,
20180320, 143049 , 1.000000, 3, Pass,
20180320, 143517 , 0.000000, 2, Pass,
20180320, 143950 , 0.000000, 3, Pass,
20180320, 151044 , 2.000000, 3, Pass,
20180320, 151525 , 1.000000, 4, Pass,
20180320, 152100 , 1.000000, 4, Pass,
20180320, 152644 , 1.000000, 4, Pass,
20180320, 163903 , 0.000000, 4, Pass,
20180320, 164400 , 0.000000, 3, Pass,
20180320, 164855 , 1.000000, 2, Pass,
20180320, 165331 , 1.000000, 4, Pass,
20180320, 165810 , 0.000000, 3, Pass,
20180320, 170415 , 2.000000, 4, Pass,
20180320, 170943 , 1.000000, 4, Pass,
20180320, 171423 , 2.000000, 2, Pass,
20180321, 082008 , 0.000000, 4, Pass,
20180321, 082552 , 1.000000, 5, Pass,
20180321, 083039 , 2.000000, 3, Pass,
20180321, 083524 , 1.000000, 5, Pass,
20180321, 084032 , 0.000000, 4, Pass,
20180321, 084642 , 0.000000, 4, Pass,
20180321, 085117 , 0.000000, 4, Pass,
20180321, 085741 , 0.000000, 4, Pass,
20180321, 090221 , 2.000000, 7, Pass,
20180321, 090657 , 3.000000, 8, Pass,
20180321, 091516 , 2.000000, 2, Pass,
20180321, 092124 , 2.000000, 5, Pass,
20180321, 092746 , 1.000000, 4, Pass,
20180321, 093236 , 0.000000, 3, Pass,
20180321, 093715 , 1.000000, 5, Pass,
20180321, 094202 , 3.000000, 5, Pass,
20180321, 095112 , 0.000000, 4, Pass,
20180321, 100149 , 0.000000, 3, Pass,
20180321, 100639 , 1.000000, 7, Pass,
20180321, 101308 , 0.000000, 4, Pass,
20180321, 101824 , 0.000000, 5, Pass,
20180321, 102257 , 1.000000, 3, Pass,
20180321, 102731 , 1.000000, 3, Pass,
20180321, 103213 , 2.000000, 7, Pass,
20180321, 103655 , 0.000000, 4, Pass,
20180321, 105454 , 1.000000, 2, Pass,
20180321, 105936 , 0.000000, 3, Pass,
20180321, 110505 , 1.000000, 4, Pass,
20180321, 111828 , 0.000000, 3, Pass,
20180321, 112259 , 0.000000, 3, Pass,
20180321, 112735 , 0.000000, 4, Pass,
20180321, 113204 , 1.000000, 3, Pass,
20180321, 113731 , 6.000000, 3, Fail,
20180321, 122646 , 0.000000, 4, Pass,
20180321, 125432 , 2.000000, 3, Pass,
20180321, 125921 , 0.000000, 4, Pass,
20180321, 130756 , 1.000000, 7, Pass,
20180321, 132027 , 2.000000, 9, Pass,
20180321, 132510 , 0.000000, 1, Pass,
20180321, 132949 , 2.000000, 3, Pass,
20180321, 133538 , 1.000000, 4, Pass,
20180321, 134029 , 0.000000, 4, Pass,
20180321, 134509 , 1.000000, 2, Pass,
20180321, 134954 , 0.000000, 3, Pass,
20180321, 135558 , 0.000000, 5, Pass,
20180321, 140040 , 1.000000, 3, Pass,
20180321, 140535 , 0.000000, 5, Pass,
20180321, 141025 , 1.000000, 4, Pass,
20180321, 141513 , 1.000000, 5, Pass,
20180321, 142019 , 0.000000, 4, Pass,
20180321, 151023 , 2.000000, 5, Pass,
20180321, 151530 , 1.000000, 5, Pass,
20180321, 152147 , 2.000000, 7, Pass,
20180321, 152646 , 0.000000, 4, Pass,
20180321, 153140 , 1.000000, 4, Pass,
20180321, 154352 , 1.000000, 3, Pass,
20180321, 155121 , 0.000000, 0, Fail,
20180321, 155121 , 0.000000, 0, Fail,
20180321, 155749 , 3.000000, 8, Pass,
20180321, 160250 , 0.000000, 3, Pass,
20180321, 160753 , 4.000000, 4, Pass,
20180321, 161251 , 1.000000, 4, Pass,
20180321, 161806 , 0.000000, 3, Pass,
20180321, 162338 , 0.000000, 4, Pass,
20180321, 162836 , 0.000000, 4, Pass,
20180321, 163416 , 0.000000, 4, Pass,
20180321, 164524 , 1.000000, 5, Pass,
20180321, 171005 , 3.000000, 4, Pass,
20180322, 081603 , 4.000000, 8, Pass,
20180322, 085334 , 1.000000, 4, Pass,
20180322, 085817 , 1.000000, 7, Pass,
20180322, 090257 , 3.000000, 7, Pass,
20180322, 090755 , 4.000000, 8, Pass,
20180322, 091426 , 1.000000, 5, Pass,
20180322, 091900 , 3.000000, 7, Pass,
20180322, 092352 , 4.000000, 13, Fail,
20180322, 093004 , 3.000000, 12, Fail,
20180322, 093607 , 1.000000, 4, Pass,
20180322, 094053 , 0.000000, 5, Pass,
20180322, 094530 , 1.000000, 3, Pass,
20180322, 095012 , 1.000000, 4, Pass,
20180322, 095454 , 4.000000, 6, Pass,
20180322, 095959 , 1.000000, 4, Pass,
20180322, 100429 , 0.000000, 4, Pass,
20180322, 100857 , 0.000000, 4, Pass,
20180322, 101349 , 0.000000, 3, Pass,
20180322, 103452 , 0.000000, 4, Pass,
20180322, 104037 , 0.000000, 4, Pass,
20180322, 104511 , 0.000000, 3, Pass,
20180322, 104951 , 0.000000, 1, Pass,
20180322, 105425 , 2.000000, 4, Pass,
20180322, 105900 , 1.000000, 5, Pass,
20180322, 110341 , 2.000000, 13, Fail,
20180322, 110925 , 0.000000, 3, Pass,
20180322, 111354 , 1.000000, 3, Pass,
20180322, 111824 , 1.000000, 4, Pass,
20180322, 112305 , 2.000000, 4, Pass,
20180322, 112737 , 0.000000, 3, Pass,
20180322, 113212 , 0.000000, 4, Pass,
20180322, 114302 , 0.000000, 4, Pass,
20180322, 123234 , 0.000000, 4, Pass,
20180322, 123749 , 1.000000, 2, Pass,
20180322, 124214 , 1.000000, 3, Pass,
20180322, 131246 , 1.000000, 12, Fail,
20180322, 132346 , 3.000000, 7, Pass,
20180322, 141232 , 2.000000, 10, Pass,
20180322, 141744 , 2.000000, 3, Pass,
20180322, 142215 , 0.000000, 5, Pass,
20180322, 145854 , 1.000000, 3, Pass,
20180322, 151921 , 2.000000, 6, Pass,
20180322, 171643 , 2.000000, 10, Fail,
