20180312, 161548 , 1.000000, 2, Pass,
20180312, 161923 , 0.000000, 2, Pass,
20180312, 162507 , 1.000000, 2, Pass,
20180312, 163105 , 0.000000, 0, Pass,
20180314, 090738 , 0.000000, 0, Pass,
20180314, 091541 , 0.000000, 0, Pass,
20180314, 092254 , 0.000000, 0, Pass,
20180314, 093411 , 0.000000, 0, Pass,
20180314, 094447 , 0.000000, 0, Pass,
20180314, 095325 , 0.000000, 1, Pass,
20180314, 151838 , 0.000000, 0, Pass,
20180314, 152428 , 0.000000, 0, Pass,
20180314, 153819 , 0.000000, 1, Pass,
20180314, 154320 , 0.000000, 0, Pass,
20180314, 155309 , 0.000000, 0, Pass,
20180314, 155806 , 0.000000, 0, Pass,
20180314, 160304 , 0.000000, 0, Pass,
20180314, 160735 , 0.000000, 0, Pass,
20180314, 161221 , 0.000000, 0, Pass,
20180314, 162049 , 1.000000, 1, Pass,
20180314, 194154 , 0.000000, 0, Pass,
20180314, 194638 , 1.000000, 1, Pass,
20180315, 101714 , 0.000000, 0, Pass,
20180315, 133344 , 1.000000, 1, Pass,
20180315, 134315 , 0.000000, 1, Pass,
20180315, 134842 , 0.000000, 0, Pass,
20180315, 135418 , 0.000000, 0, Pass,
20180315, 135928 , 0.000000, 0, Pass,
20180315, 140409 , 0.000000, 0, Pass,
20180315, 140909 , 1.000000, 1, Pass,
20180315, 141458 , 0.000000, 0, Pass,
20180315, 145140 , 0.000000, 0, Pass,
20180315, 145621 , 0.000000, 0, Pass,
20180315, 150803 , 0.000000, 0, Pass,
20180315, 151306 , 0.000000, 0, Pass,
20180315, 151750 , 0.000000, 0, Pass,
20180315, 152214 , 0.000000, 0, Pass,
20180315, 152654 , 0.000000, 1, Pass,
20180315, 153149 , 0.000000, 0, Pass,
20180315, 153645 , 0.000000, 0, Pass,
20180315, 154104 , 0.000000, 0, Pass,
20180315, 154532 , 0.000000, 0, Pass,
20180315, 155011 , 0.000000, 0, Pass,
20180315, 155442 , 0.000000, 0, Pass,
20180315, 155925 , 0.000000, 0, Pass,
20180315, 160354 , 0.000000, 0, Pass,
20180315, 160913 , 0.000000, 0, Pass,
20180315, 161416 , 0.000000, 0, Pass,
20180315, 161900 , 0.000000, 0, Pass,
20180315, 162322 , 0.000000, 0, Pass,
20180315, 162810 , 0.000000, 1, Pass,
20180315, 181836 , 1.000000, 1, Pass,
20180315, 183829 , 0.000000, 1, Pass,
20180315, 184246 , 0.000000, 1, Pass,
20180315, 184858 , 0.000000, 1, Pass,
20180315, 190030 , 0.000000, 1, Pass,
20180315, 190457 , 0.000000, 1, Pass,
20180315, 190919 , 0.000000, 0, Pass,
20180315, 191338 , 0.000000, 0, Pass,
20180315, 191914 , 0.000000, 0, Pass,
20180315, 192344 , 0.000000, 0, Pass,
20180315, 193418 , 0.000000, 0, Pass,
20180316, 081202 , 0.000000, 0, Pass,
20180316, 081619 , 0.000000, 0, Pass,
20180316, 082102 , 0.000000, 0, Pass,
20180316, 082647 , 0.000000, 0, Pass,
20180316, 083121 , 0.000000, 0, Pass,
20180316, 083542 , 0.000000, 0, Pass,
20180316, 084011 , 0.000000, 0, Pass,
20180316, 084614 , 0.000000, 0, Pass,
20180316, 085036 , 0.000000, 0, Pass,
20180316, 085458 , 0.000000, 0, Pass,
20180316, 085929 , 0.000000, 0, Pass,
20180316, 090400 , 0.000000, 0, Pass,
20180316, 092309 , 0.000000, 0, Pass,
20180316, 092727 , 0.000000, 0, Pass,
20180316, 093159 , 0.000000, 0, Pass,
20180316, 093639 , 0.000000, 0, Pass,
20180316, 094133 , 0.000000, 0, Pass,
20180316, 094601 , 0.000000, 0, Pass,
20180316, 095021 , 0.000000, 0, Pass,
20180316, 095438 , 0.000000, 0, Pass,
20180316, 095908 , 0.000000, 0, Pass,
20180316, 100542 , 0.000000, 0, Pass,
20180316, 101105 , 0.000000, 0, Pass,
20180316, 101628 , 0.000000, 0, Pass,
20180316, 102045 , 1.000000, 1, Pass,
20180316, 102552 , 0.000000, 0, Pass,
20180316, 103013 , 0.000000, 0, Pass,
20180316, 103454 , 0.000000, 0, Pass,
20180316, 130954 , 0.000000, 0, Pass,
20180316, 131418 , 0.000000, 0, Pass,
20180316, 185748 , 0.000000, 0, Pass,
20180316, 190833 , 0.000000, 0, Pass,
20180317, 080409 , 0.000000, 0, Pass,
20180317, 081038 , 0.000000, 0, Pass,
20180317, 081751 , 0.000000, 0, Pass,
20180317, 082314 , 0.000000, 0, Pass,
20180317, 082925 , 0.000000, 0, Pass,
20180317, 083459 , 0.000000, 0, Pass,
20180317, 084009 , 0.000000, 0, Pass,
20180317, 084658 , 1.000000, 1, Pass,
20180317, 085334 , 0.000000, 0, Pass,
20180317, 090810 , 0.000000, 0, Pass,
20180317, 091251 , 1.000000, 0, Pass,
20180317, 091738 , 0.000000, 0, Pass,
20180317, 092545 , 3.000000, 0, Fail,
20180317, 093151 , 1.000000, 1, Pass,
20180317, 093744 , 0.000000, 0, Pass,
20180317, 094257 , 0.000000, 0, Pass,
20180317, 094736 , 0.000000, 1, Pass,
20180317, 095208 , 0.000000, 0, Pass,
20180317, 095710 , 1.000000, 0, Pass,
20180317, 100301 , 1.000000, 1, Pass,
20180317, 100810 , 0.000000, 0, Pass,
20180317, 102716 , 3.000000, 0, Fail,
20180317, 103311 , 6.000000, 0, Fail,
20180317, 103904 , 0.000000, 0, Pass,
20180317, 104349 , 0.000000, 0, Pass,
20180317, 104823 , 4.000000, 0, Fail,
20180317, 105257 , 0.000000, 0, Pass,
20180317, 105750 , 0.000000, 0, Pass,
20180317, 110256 , 1.000000, 0, Pass,
20180317, 145756 , 0.000000, 0, Pass,
20180317, 150728 , 0.000000, 0, Pass,
20180319, 085356 , 1.000000, 1, Pass,
20180319, 085914 , 1.000000, 0, Pass,
20180319, 091043 , 0.000000, 0, Pass,
20180319, 091651 , 0.000000, 0, Pass,
20180319, 092349 , 0.000000, 0, Pass,
20180319, 092933 , 0.000000, 0, Pass,
20180319, 093504 , 0.000000, 0, Pass,
20180319, 094015 , 0.000000, 0, Pass,
20180319, 101303 , 0.000000, 0, Pass,
20180319, 103347 , 0.000000, 0, Pass,
20180319, 103920 , 0.000000, 0, Pass,
20180319, 104805 , 0.000000, 0, Pass,
20180319, 113352 , 0.000000, 0, Pass,
20180319, 114418 , 1.000000, 0, Pass,
20180319, 114938 , 0.000000, 0, Pass,
20180319, 123536 , 0.000000, 1, Pass,
20180319, 124012 , 1.000000, 1, Pass,
20180319, 124453 , 0.000000, 0, Pass,
20180319, 124924 , 1.000000, 0, Pass,
20180319, 125355 , 1.000000, 0, Pass,
20180319, 130114 , 0.000000, 0, Pass,
20180319, 130618 , 0.000000, 0, Pass,
20180319, 131442 , 0.000000, 0, Pass,
20180319, 132809 , 0.000000, 0, Pass,
20180319, 133248 , 1.000000, 0, Pass,
20180319, 133725 , 0.000000, 0, Pass,
20180319, 135032 , 0.000000, 0, Pass,
20180319, 135630 , 0.000000, 0, Pass,
20180319, 140833 , 0.000000, 0, Pass,
20180319, 141641 , 0.000000, 0, Pass,
20180319, 142138 , 0.000000, 0, Pass,
20180319, 142640 , 0.000000, 0, Pass,
20180319, 143138 , 0.000000, 0, Pass,
20180319, 143630 , 2.000000, 0, Pass,
20180319, 144128 , 0.000000, 0, Pass,
20180319, 144829 , 2.000000, 0, Pass,
20180319, 145345 , 1.000000, 0, Pass,
20180319, 145852 , 0.000000, 0, Pass,
20180319, 150344 , 0.000000, 0, Pass,
20180319, 150838 , 1.000000, 1, Pass,
20180319, 151325 , 0.000000, 0, Pass,
20180319, 151814 , 0.000000, 0, Pass,
20180319, 152306 , 0.000000, 0, Pass,
20180319, 162730 , 0.000000, 0, Pass,
20180319, 163302 , 0.000000, 0, Pass,
20180319, 164633 , 0.000000, 0, Pass,
20180319, 165213 , 0.000000, 0, Pass,
20180320, 094753 , 0.000000, 0, Pass,
20180320, 095222 , 0.000000, 0, Pass,
20180320, 095701 , 0.000000, 0, Pass,
20180320, 100339 , 0.000000, 0, Pass,
20180320, 100811 , 0.000000, 0, Pass,
20180320, 101353 , 0.000000, 0, Pass,
20180320, 101911 , 0.000000, 0, Pass,
20180320, 102721 , 0.000000, 0, Pass,
20180320, 103419 , 0.000000, 0, Pass,
20180320, 103907 , 0.000000, 0, Pass,
20180320, 104613 , 0.000000, 0, Pass,
20180320, 105158 , 0.000000, 0, Pass,
20180320, 110012 , 1.000000, 1, Pass,
20180320, 110453 , 0.000000, 0, Pass,
20180320, 111806 , 0.000000, 0, Pass,
20180320, 112247 , 0.000000, 0, Pass,
20180320, 112739 , 0.000000, 0, Pass,
20180320, 113222 , 1.000000, 0, Pass,
20180320, 113741 , 0.000000, 0, Pass,
20180320, 114533 , 1.000000, 1, Pass,
20180320, 115129 , 0.000000, 0, Pass,
20180320, 125819 , 0.000000, 0, Pass,
20180320, 130917 , 0.000000, 0, Pass,
20180320, 131436 , 0.000000, 1, Pass,
20180320, 133144 , 0.000000, 0, Pass,
20180320, 133619 , 0.000000, 0, Pass,
20180320, 134055 , 0.000000, 1, Pass,
20180320, 134531 , 0.000000, 0, Pass,
20180320, 135006 , 0.000000, 0, Pass,
20180320, 135522 , 0.000000, 0, Pass,
20180320, 140609 , 1.000000, 0, Pass,
20180320, 142000 , 0.000000, 0, Pass,
20180320, 142427 , 0.000000, 0, Pass,
20180320, 142912 , 1.000000, 0, Pass,
20180320, 143341 , 0.000000, 0, Pass,
20180320, 143813 , 0.000000, 0, Pass,
20180320, 150905 , 0.000000, 0, Pass,
20180320, 151347 , 1.000000, 0, Pass,
20180320, 151921 , 0.000000, 0, Pass,
20180320, 152504 , 0.000000, 0, Pass,
20180320, 163724 , 1.000000, 0, Pass,
20180320, 164222 , 0.000000, 0, Pass,
20180320, 164719 , 0.000000, 0, Pass,
20180320, 165152 , 1.000000, 1, Pass,
20180320, 165633 , 0.000000, 1, Pass,
20180320, 170237 , 0.000000, 0, Pass,
20180320, 170804 , 0.000000, 0, Pass,
20180320, 171246 , 0.000000, 0, Pass,
20180321, 081828 , 0.000000, 0, Pass,
20180321, 082410 , 0.000000, 0, Pass,
20180321, 082900 , 0.000000, 0, Pass,
20180321, 083342 , 0.000000, 0, Pass,
20180321, 083852 , 0.000000, 0, Pass,
20180321, 084503 , 0.000000, 0, Pass,
20180321, 084937 , 0.000000, 0, Pass,
20180321, 085601 , 0.000000, 0, Pass,
20180321, 090038 , 1.000000, 1, Pass,
20180321, 090511 , 0.000000, 0, Pass,
20180321, 091339 , 0.000000, 0, Pass,
20180321, 091944 , 0.000000, 0, Pass,
20180321, 092607 , 0.000000, 0, Pass,
20180321, 093058 , 0.000000, 1, Pass,
20180321, 093534 , 0.000000, 0, Pass,
20180321, 094019 , 0.000000, 0, Pass,
20180321, 094933 , 0.000000, 0, Pass,
20180321, 100013 , 1.000000, 0, Pass,
20180321, 100454 , 0.000000, 0, Pass,
20180321, 101128 , 0.000000, 0, Pass,
20180321, 101643 , 0.000000, 0, Pass,
20180321, 102119 , 0.000000, 0, Pass,
20180321, 102554 , 0.000000, 0, Pass,
20180321, 103029 , 0.000000, 1, Pass,
20180321, 103515 , 0.000000, 0, Pass,
20180321, 105318 , 0.000000, 0, Pass,
20180321, 105758 , 0.000000, 0, Pass,
20180321, 110325 , 0.000000, 0, Pass,
20180321, 111651 , 0.000000, 0, Pass,
20180321, 112121 , 1.000000, 0, Pass,
20180321, 112556 , 0.000000, 0, Pass,
20180321, 113027 , 1.000000, 1, Pass,
20180321, 113553 , 0.000000, 0, Pass,
20180321, 122010 , 0.000000, 0, Pass,
20180321, 122507 , 0.000000, 0, Pass,
20180321, 125246 , 0.000000, 0, Pass,
20180321, 125737 , 0.000000, 0, Pass,
20180321, 130605 , 0.000000, 0, Pass,
20180321, 131834 , 0.000000, 0, Pass,
20180321, 132332 , 0.000000, 0, Pass,
20180321, 132808 , 1.000000, 1, Pass,
20180321, 133355 , 0.000000, 0, Pass,
20180321, 133846 , 0.000000, 0, Pass,
20180321, 134328 , 0.000000, 0, Pass,
20180321, 134811 , 1.000000, 0, Pass,
20180321, 135411 , 0.000000, 0, Pass,
20180321, 135858 , 1.000000, 1, Pass,
20180321, 140348 , 0.000000, 0, Pass,
20180321, 140841 , 0.000000, 0, Pass,
20180321, 141326 , 0.000000, 0, Pass,
20180321, 141835 , 0.000000, 1, Pass,
20180321, 150836 , 0.000000, 0, Pass,
20180321, 151341 , 1.000000, 1, Pass,
20180321, 151958 , 1.000000, 1, Pass,
20180321, 152502 , 2.000000, 0, Pass,
20180321, 152954 , 0.000000, 0, Pass,
20180321, 154211 , 0.000000, 0, Pass,
20180321, 154718 , 5.000000, 0, Fail,
20180321, 154744 , 29.000000, 0, Fail,
20180321, 155550 , 1.000000, 0, Pass,
20180321, 160100 , 0.000000, 0, Pass,
20180321, 160605 , 0.000000, 0, Pass,
20180321, 161100 , 0.000000, 0, Pass,
20180321, 161617 , 0.000000, 0, Pass,
20180321, 162146 , 0.000000, 0, Pass,
20180321, 162644 , 0.000000, 0, Pass,
20180321, 163224 , 0.000000, 0, Pass,
20180321, 164331 , 0.000000, 0, Pass,
20180321, 170815 , 0.000000, 0, Pass,
20180322, 081403 , 0.000000, 0, Pass,
20180322, 085155 , 1.000000, 0, Pass,
20180322, 085632 , 1.000000, 1, Pass,
20180322, 090113 , 1.000000, 1, Pass,
20180322, 090610 , 0.000000, 0, Pass,
20180322, 091245 , 0.000000, 0, Pass,
20180322, 091716 , 0.000000, 0, Pass,
20180322, 092158 , 0.000000, 0, Pass,
20180322, 092807 , 1.000000, 0, Pass,
20180322, 093428 , 0.000000, 0, Pass,
20180322, 093913 , 1.000000, 0, Pass,
20180322, 094352 , 0.000000, 0, Pass,
20180322, 094832 , 0.000000, 0, Pass,
20180322, 095308 , 0.000000, 0, Pass,
20180322, 095820 , 0.000000, 0, Pass,
20180322, 100250 , 0.000000, 0, Pass,
20180322, 100719 , 2.000000, 0, Pass,
20180322, 101212 , 0.000000, 1, Pass,
20180322, 103312 , 0.000000, 0, Pass,
20180322, 103857 , 0.000000, 0, Pass,
20180322, 104333 , 0.000000, 0, Pass,
20180322, 104818 , 1.000000, 0, Pass,
20180322, 105247 , 0.000000, 0, Pass,
20180322, 105720 , 0.000000, 0, Pass,
20180322, 110147 , 1.000000, 0, Pass,
20180322, 110748 , 0.000000, 0, Pass,
20180322, 111218 , 0.000000, 0, Pass,
20180322, 111645 , 0.000000, 0, Pass,
20180322, 112125 , 0.000000, 0, Pass,
20180322, 112600 , 0.000000, 0, Pass,
20180322, 113032 , 0.000000, 0, Pass,
20180322, 114123 , 0.000000, 0, Pass,
20180322, 123055 , 0.000000, 0, Pass,
20180322, 123617 , 0.000000, 0, Pass,
20180322, 124041 , 0.000000, 0, Pass,
20180322, 131052 , 0.000000, 0, Pass,
20180322, 132201 , 0.000000, 0, Pass,
20180322, 141043 , 0.000000, 0, Pass,
20180322, 141607 , 0.000000, 0, Pass,
20180322, 142030 , 1.000000, 0, Pass,
20180322, 145716 , 0.000000, 0, Pass,
20180322, 151736 , 0.000000, 0, Pass,
20180322, 171454 , 0.000000, 0, Pass,
